C:\Users\marc\Documents\PermDrops\code\Debug\permutation_drops.exe
C:\Users\marc\Documents\PermDrops\code\Debug\permutation_drops.ilk
C:\Users\marc\Documents\PermDrops\code\Debug\permutation_drops.pdb
C:\Users\marc\Documents\PermDrops\code\permutation_drops\Debug\.NETFramework,Version=v4.0.AssemblyAttributes.obj
C:\Users\marc\Documents\PermDrops\code\permutation_drops\Debug\app.res
C:\Users\marc\Documents\PermDrops\code\permutation_drops\Debug\AssemblyInfo.obj
C:\Users\marc\Documents\PermDrops\code\permutation_drops\Debug\cl.command.1.tlog
C:\Users\marc\Documents\PermDrops\code\permutation_drops\Debug\CL.read.1.tlog
C:\Users\marc\Documents\PermDrops\code\permutation_drops\Debug\CL.write.1.tlog
C:\Users\marc\Documents\PermDrops\code\permutation_drops\Debug\link.1936.read.1.tlog
C:\Users\marc\Documents\PermDrops\code\permutation_drops\Debug\link.1936.write.1.tlog
C:\Users\marc\Documents\PermDrops\code\permutation_drops\Debug\link.1936-cvtres.read.1.tlog
C:\Users\marc\Documents\PermDrops\code\permutation_drops\Debug\link.1936-cvtres.write.1.tlog
C:\Users\marc\Documents\PermDrops\code\permutation_drops\Debug\link.4820.read.1.tlog
C:\Users\marc\Documents\PermDrops\code\permutation_drops\Debug\link.4820.write.1.tlog
C:\Users\marc\Documents\PermDrops\code\permutation_drops\Debug\link.4820-cvtres.read.1.tlog
C:\Users\marc\Documents\PermDrops\code\permutation_drops\Debug\link.4820-cvtres.write.1.tlog
C:\Users\marc\Documents\PermDrops\code\permutation_drops\Debug\link.command.1.tlog
C:\Users\marc\Documents\PermDrops\code\permutation_drops\Debug\link.read.1.tlog
C:\Users\marc\Documents\PermDrops\code\permutation_drops\Debug\link.write.1.tlog
C:\Users\marc\Documents\PermDrops\code\permutation_drops\Debug\metagen.read.1.tlog
C:\Users\marc\Documents\PermDrops\code\permutation_drops\Debug\metagen.write.1.tlog
C:\Users\marc\Documents\PermDrops\code\permutation_drops\Debug\mt.command.1.tlog
C:\Users\marc\Documents\PermDrops\code\permutation_drops\Debug\mt.read.1.tlog
C:\Users\marc\Documents\PermDrops\code\permutation_drops\Debug\mt.write.1.tlog
C:\Users\marc\Documents\PermDrops\code\permutation_drops\Debug\permutation_drops.exe.intermediate.manifest
C:\Users\marc\Documents\PermDrops\code\permutation_drops\Debug\permutation_drops.obj
C:\Users\marc\Documents\PermDrops\code\permutation_drops\Debug\permutation_drops.pch
C:\Users\marc\Documents\PermDrops\code\permutation_drops\Debug\permutation_drops.write.1.tlog
C:\Users\marc\Documents\PermDrops\code\permutation_drops\Debug\rc.command.1.tlog
C:\Users\marc\Documents\PermDrops\code\permutation_drops\Debug\rc.read.1.tlog
C:\Users\marc\Documents\PermDrops\code\permutation_drops\Debug\rc.write.1.tlog
C:\Users\marc\Documents\PermDrops\code\permutation_drops\Debug\rpoly.obj
C:\Users\marc\Documents\PermDrops\code\permutation_drops\Debug\RSAENH.DLL.bi
C:\Users\marc\Documents\PermDrops\code\permutation_drops\Debug\stdafx.obj
C:\Users\marc\Documents\PermDrops\code\permutation_drops\Debug\TZRES.DLL.bi
C:\Users\marc\Documents\PermDrops\code\permutation_drops\Debug\vc100.pdb
C:\USERS\MARC\DOCUMENTS\VISUAL STUDIO 2010\PROJECTS\PERMUTATION_DROPS\DEBUG\PERMUTATION_DROPS.EXE
C:\USERS\MARC\DOCUMENTS\VISUAL STUDIO 2010\PROJECTS\PERMUTATION_DROPS\DEBUG\PERMUTATION_DROPS.ILK
C:\USERS\MARC\DOCUMENTS\VISUAL STUDIO 2010\PROJECTS\PERMUTATION_DROPS\DEBUG\PERMUTATION_DROPS.PDB
C:\USERS\MARC\DOCUMENTS\VISUAL STUDIO 2010\PROJECTS\PERMUTATION_DROPS\PERMUTATION_DROPS\DEBUG\.NETFRAMEWORK,VERSION=V4.0.ASSEMBLYATTRIBUTES.OBJ
C:\USERS\MARC\DOCUMENTS\VISUAL STUDIO 2010\PROJECTS\PERMUTATION_DROPS\PERMUTATION_DROPS\DEBUG\APP.RES
C:\USERS\MARC\DOCUMENTS\VISUAL STUDIO 2010\PROJECTS\PERMUTATION_DROPS\PERMUTATION_DROPS\DEBUG\ASSEMBLYINFO.OBJ
C:\USERS\MARC\DOCUMENTS\VISUAL STUDIO 2010\PROJECTS\PERMUTATION_DROPS\PERMUTATION_DROPS\DEBUG\PERMUTATION_DROPS.EXE.INTERMEDIATE.MANIFEST
C:\USERS\MARC\DOCUMENTS\VISUAL STUDIO 2010\PROJECTS\PERMUTATION_DROPS\PERMUTATION_DROPS\DEBUG\PERMUTATION_DROPS.OBJ
C:\USERS\MARC\DOCUMENTS\VISUAL STUDIO 2010\PROJECTS\PERMUTATION_DROPS\PERMUTATION_DROPS\DEBUG\PERMUTATION_DROPS.PCH
C:\USERS\MARC\DOCUMENTS\VISUAL STUDIO 2010\PROJECTS\PERMUTATION_DROPS\PERMUTATION_DROPS\DEBUG\RPOLY.OBJ
C:\USERS\MARC\DOCUMENTS\VISUAL STUDIO 2010\PROJECTS\PERMUTATION_DROPS\PERMUTATION_DROPS\DEBUG\STDAFX.OBJ
C:\USERS\MARC\DOCUMENTS\VISUAL STUDIO 2010\PROJECTS\PERMUTATION_DROPS\PERMUTATION_DROPS\DEBUG\VC100.PDB
